SF:lib/features/todo/data/model/todo_model.dart
DA:17,12
DA:23,2
DA:25,8
DA:28,1
DA:29,1
DA:30,1
DA:31,1
DA:32,1
DA:36,1
DA:37,1
DA:38,1
DA:39,1
DA:40,1
LF:13
LH:13
end_of_record
SF:lib/features/todo/domain/entities/todo_entity.dart
DA:8,14
DA:14,2
DA:15,2
DA:16,2
DA:17,2
DA:18,2
LF:6
LH:6
end_of_record
SF:lib/features/todo/data/data_sources/local/local_todo_service.dart
DA:18,0
DA:20,0
DA:22,0
DA:24,0
DA:26,0
DA:28,0
DA:29,0
DA:32,0
DA:35,0
DA:38,0
DA:39,0
DA:43,0
DA:46,0
DA:47,0
DA:48,0
DA:49,0
DA:53,0
DA:54,0
DA:58,0
DA:59,0
DA:63,0
DA:67,0
DA:68,0
DA:72,0
DA:73,0
DA:77,0
DA:79,0
DA:82,0
DA:83,0
DA:86,0
DA:87,0
DA:89,0
DA:90,0
DA:91,0
DA:92,0
DA:99,0
DA:100,0
LF:37
LH:0
end_of_record
SF:lib/features/todo/data/repository/todo_repository_impl.dart
DA:10,2
DA:12,0
DA:14,1
DA:17,2
DA:20,0
DA:21,0
DA:25,1
DA:28,2
DA:29,1
DA:31,0
DA:32,0
DA:36,1
DA:39,2
DA:40,1
DA:42,0
DA:43,0
DA:47,1
DA:50,2
DA:51,1
DA:53,0
DA:54,0
LF:21
LH:12
end_of_record
SF:lib/core/utils/locator.dart
DA:14,0
DA:16,0
DA:17,0
DA:18,0
DA:19,0
DA:20,0
DA:24,0
DA:27,0
DA:30,0
DA:31,0
DA:34,0
DA:35,0
DA:37,0
DA:38,0
DA:40,0
DA:41,0
DA:43,0
DA:44,0
LF:18
LH:0
end_of_record
SF:lib/features/todo/domain/usecases/add_todo_usecase.dart
DA:9,1
DA:11,0
DA:13,1
DA:16,2
DA:18,0
LF:5
LH:3
end_of_record
SF:lib/features/todo/domain/usecases/get_todos_usecase.dart
DA:9,1
DA:11,0
DA:13,1
DA:15,2
LF:4
LH:3
end_of_record
SF:lib/features/todo/domain/usecases/remove_todo_usecase.dart
DA:8,1
DA:10,0
DA:12,1
DA:15,2
DA:17,0
LF:5
LH:3
end_of_record
SF:lib/features/todo/domain/usecases/toggle_todo_usecase.dart
DA:9,1
DA:11,0
DA:13,1
DA:15,1
DA:17,2
DA:19,0
LF:6
LH:4
end_of_record
SF:lib/features/todo/presentation/pages/home/home_event.dart
DA:5,5
DA:7,0
DA:8,0
DA:12,3
DA:18,2
DA:22,0
DA:23,0
DA:24,0
DA:31,1
DA:35,0
DA:36,0
DA:37,0
DA:44,0
DA:48,0
DA:49,0
DA:50,0
LF:16
LH:4
end_of_record
SF:lib/features/todo/presentation/pages/home/home_state.dart
DA:6,5
DA:8,1
DA:9,1
DA:13,4
DA:17,4
DA:23,2
DA:27,0
DA:28,0
DA:29,0
DA:36,3
DA:40,1
DA:41,1
DA:42,1
LF:13
LH:10
end_of_record
SF:lib/features/todo/presentation/pages/home/home_bloc.dart
DA:17,1
DA:22,0
DA:23,0
DA:25,0
DA:27,0
DA:28,1
DA:29,2
DA:30,1
DA:32,2
DA:33,3
DA:34,2
DA:36,0
DA:37,0
DA:38,0
DA:41,2
DA:42,1
DA:44,3
DA:46,2
DA:47,2
DA:49,0
DA:52,0
DA:53,0
DA:54,0
DA:57,2
DA:58,1
DA:60,3
DA:62,2
DA:63,2
DA:65,0
DA:68,0
DA:69,0
DA:70,0
DA:73,1
DA:74,0
DA:76,0
DA:78,0
DA:79,0
DA:81,0
DA:84,0
DA:85,0
DA:86,0
LF:41
LH:18
end_of_record
SF:lib/config/theme.dart
DA:4,2
DA:5,2
DA:6,2
DA:7,2
DA:8,0
DA:9,2
DA:10,2
DA:11,2
DA:12,2
DA:13,0
DA:15,2
DA:16,2
DA:17,2
DA:18,0
DA:19,2
DA:20,2
DA:22,2
DA:24,2
DA:25,0
DA:39,1
DA:40,1
DA:44,1
DA:46,1
DA:47,1
DA:48,1
DA:50,1
DA:51,1
DA:52,1
DA:53,1
DA:54,1
DA:55,1
DA:56,1
DA:57,1
DA:58,1
DA:59,1
DA:60,1
DA:61,1
DA:62,1
DA:63,1
DA:64,1
DA:65,1
DA:67,1
DA:69,1
DA:70,1
DA:71,1
DA:73,1
DA:78,1
DA:79,1
DA:80,1
DA:83,1
DA:84,1
DA:88,1
DA:89,1
DA:93,1
DA:94,1
DA:97,1
DA:98,1
DA:101,1
DA:102,1
DA:105,1
DA:106,1
DA:109,1
DA:110,1
DA:113,1
DA:114,1
DA:118,1
DA:119,1
DA:124,1
DA:125,1
DA:131,1
DA:132,1
DA:133,1
DA:134,1
DA:135,1
DA:137,1
DA:140,1
DA:144,1
DA:150,1
DA:151,1
DA:153,1
DA:154,1
DA:156,1
DA:157,1
DA:158,1
DA:159,1
DA:164,0
DA:165,0
DA:169,0
DA:171,0
DA:172,0
DA:173,0
DA:175,0
DA:176,0
DA:177,0
DA:178,0
DA:179,0
DA:180,0
DA:181,0
DA:182,0
DA:183,0
DA:184,0
DA:185,0
DA:186,0
DA:187,0
DA:188,0
DA:189,0
DA:190,0
DA:192,0
DA:194,0
DA:195,0
DA:196,0
DA:198,0
DA:203,0
DA:204,0
DA:205,0
DA:208,0
DA:209,0
DA:213,0
DA:214,0
DA:218,0
DA:219,0
DA:222,0
DA:223,0
DA:226,0
DA:227,0
DA:230,0
DA:231,0
DA:234,0
DA:235,0
DA:238,0
DA:239,0
DA:243,0
DA:244,0
DA:249,0
DA:250,0
DA:256,0
DA:257,0
DA:258,0
DA:259,0
DA:260,0
DA:262,0
DA:265,0
DA:269,0
DA:275,0
DA:276,0
DA:278,0
DA:279,0
DA:281,0
DA:282,0
DA:283,0
DA:284,0
LF:151
LH:81
end_of_record
SF:lib/features/todo/presentation/pages/home/home_page.dart
DA:12,1
DA:14,1
DA:15,1
DA:21,1
DA:23,2
DA:24,1
DA:27,0
DA:28,0
DA:31,1
DA:33,1
DA:34,1
DA:36,1
DA:37,1
DA:38,1
DA:39,2
DA:40,1
DA:41,0
DA:42,0
DA:43,0
DA:44,0
DA:46,1
DA:47,2
DA:57,1
DA:58,1
DA:59,1
DA:61,1
DA:63,1
DA:66,1
DA:68,1
DA:69,1
DA:71,1
DA:74,1
DA:76,1
DA:77,3
DA:79,1
DA:80,3
DA:82,4
DA:83,3
DA:84,2
DA:85,2
DA:86,3
DA:88,1
DA:90,0
DA:94,0
DA:95,0
DA:97,0
DA:99,0
DA:104,1
DA:106,1
DA:108,2
DA:116,1
DA:117,4
DA:119,1
DA:120,1
DA:121,1
DA:127,1
DA:128,2
DA:129,1
DA:132,1
DA:133,2
DA:134,1
DA:135,1
DA:136,1
DA:137,3
DA:138,1
DA:139,3
DA:142,3
DA:147,1
DA:149,4
DA:150,1
DA:152,1
DA:153,1
DA:154,0
DA:155,0
DA:156,0
DA:157,0
DA:160,1
DA:161,3
DA:166,1
DA:167,0
DA:168,0
DA:169,0
DA:170,0
DA:172,0
DA:173,0
DA:174,0
DA:175,0
DA:178,0
DA:180,0
DA:197,0
DA:208,1
DA:209,0
DA:210,0
DA:211,0
DA:213,0
DA:214,0
DA:216,0
DA:217,0
DA:219,0
DA:220,0
DA:229,1
DA:231,1
DA:235,1
DA:236,0
DA:237,0
LF:105
LH:68
end_of_record
